<?xml version="1.0" encoding="UTF-8"?>
<!-- Generated by org.testng.reporters.JUnitReportReporter -->
<testsuite skipped="0" hostname="DESKTOP-66SGQGC" name="com.ibmdemo.FlipkartFirefox" tests="1" failures="0" timestamp="08 May 2020 03:23:01 GMT" time="24.544" errors="0">
  <testcase name="flipkartfirefox" time="24.544" classname="com.ibmdemo.FlipkartFirefox"/>
</testsuite> <!-- com.ibmdemo.FlipkartFirefox -->
