<?xml version="1.0" encoding="UTF-8"?>
<!-- Generated by org.testng.reporters.JUnitReportReporter -->
<testsuite skipped="0" hostname="DESKTOP-66SGQGC" name="com.ibmdemo.ExtentReportListener" tests="2" failures="0" timestamp="08 May 2020 03:20:59 GMT" time="25.910" errors="0">
  <testcase name="amazonchrome" time="11.860" classname="com.ibmdemo.ExtentReportListener"/>
  <testcase name="flipkartfirefox" time="14.050" classname="com.ibmdemo.ExtentReportListener"/>
</testsuite> <!-- com.ibmdemo.ExtentReportListener -->
