<?xml version="1.0" encoding="UTF-8"?>
<!-- Generated by org.testng.reporters.JUnitReportReporter -->
<testsuite skipped="0" hostname="DESKTOP-66SGQGC" name="com.ibmdemo.FlipkartFirefox" tests="1" failures="0" timestamp="06 May 2020 01:05:43 GMT" time="19.375" errors="0">
  <testcase name="flipkartfirefox" time="19.375" classname="com.ibmdemo.FlipkartFirefox"/>
</testsuite> <!-- com.ibmdemo.FlipkartFirefox -->
