<?xml version="1.0" encoding="UTF-8"?>
<!-- Generated by org.testng.reporters.JUnitReportReporter -->
<testsuite skipped="0" hostname="DESKTOP-66SGQGC" name="com.ibmdemo.AmazonChrome" tests="1" failures="0" timestamp="06 May 2020 01:05:43 GMT" time="14.471" errors="0">
  <testcase name="amazonchrome" time="14.471" classname="com.ibmdemo.AmazonChrome"/>
</testsuite> <!-- com.ibmdemo.AmazonChrome -->
