<?xml version="1.0" encoding="UTF-8"?>
<!-- Generated by org.testng.reporters.JUnitReportReporter -->
<testsuite skipped="0" hostname="DESKTOP-66SGQGC" name="com.ibmdemo.WorkPlaceXT" tests="1" failures="0" timestamp="06 May 2020 04:13:45 GMT" time="16.442" errors="0">
  <testcase name="workPlaceXTChrome" time="16.442" classname="com.ibmdemo.WorkPlaceXT"/>
</testsuite> <!-- com.ibmdemo.WorkPlaceXT -->
