<?xml version="1.0" encoding="UTF-8"?>
<!-- Generated by org.testng.reporters.JUnitReportReporter -->
<testsuite skipped="0" hostname="DESKTOP-66SGQGC" name="com.ibmdemo.AmazonChrome" tests="2" failures="0" timestamp="08 May 2020 03:23:01 GMT" time="30.014" errors="0">
  <testcase name="flipkartfirefox" time="15.930" classname="com.ibmdemo.AmazonChrome"/>
  <testcase name="amazonchrome" time="14.084" classname="com.ibmdemo.AmazonChrome"/>
</testsuite> <!-- com.ibmdemo.AmazonChrome -->
