<?xml version="1.0" encoding="UTF-8"?>
<!-- Generated by org.testng.reporters.JUnitReportReporter -->
<testsuite skipped="0" hostname="DESKTOP-66SGQGC" name="com.ibmdemo.WorkPlaceXT" tests="1" failures="0" timestamp="07 May 2020 01:25:53 GMT" time="19.108" errors="0">
  <testcase name="workPlaceXTChrome" time="19.108" classname="com.ibmdemo.WorkPlaceXT"/>
</testsuite> <!-- com.ibmdemo.WorkPlaceXT -->
